2024-10-01 14:02:39 ERROR - Attempt to register with an existing email: ankitha@gmail.com
2024-10-01 16:19:49 ERROR - Attempt to register with an existing email: varsha@gmail.com
2024-10-01 19:59:40 ERROR - Attempt to register with an existing email: testuser@gmail.com
2024-10-01 20:02:19 ERROR - Attempt to register with an existing email: testuser@gmail.com
2024-10-01 20:05:35 ERROR - Attempt to register with an existing email: testuser@gmail.com
2024-10-01 20:07:57 ERROR - Attempt to register with an existing email: testuser@gmail.com
2024-10-01 20:15:52 ERROR - Attempt to register with an existing email: testuser@gmail.com
2024-10-01 20:17:27 ERROR - Attempt to register with an existing email: testuser@gmail.com
2024-10-01 20:19:43 ERROR - Attempt to register with an existing email: testuser@gmail.com
2024-10-01 20:24:46 ERROR - Attempt to register with an existing email: testuser@gmail.com
2024-10-01 20:26:32 ERROR - Attempt to register with an existing email: testuser@gmail.com
2024-10-01 20:32:25 ERROR - Attempt to register with an existing email: testuser@gmail.com
2024-10-01 20:39:39 ERROR - Attempt to register with an existing email: testuser@gmail.com
2024-10-01 20:41:20 ERROR - Attempt to register with an existing email: testuser@gmail.com
2024-10-01 22:28:22 ERROR - Attempt to register with an existing email: null
2024-10-01 22:43:44 ERROR - Attempt to register with an existing email: apeksha.bs1@gmail.com
2024-10-01 22:46:10 ERROR - Attempt to register with an existing mobile number: 9213456876
2024-10-03 00:10:37 ERROR - Attempt to register with an existing mobile number: 9822543218
2024-10-05 23:10:31 ERROR - Attempt to register with an existing email: sushmithagowdaas@gmail.com
2024-10-06 01:07:52 ERROR - Attempt to register with an existing email: testuser@gmail.com
2024-10-06 21:15:29 ERROR - Attempt to register with an existing email: testuser@gmail.com
2024-10-06 22:14:44 ERROR - Attempt to register with an existing mobile number: 8211984511
2024-10-07 22:46:42 ERROR - Attempt to register with an existing email: sushmithagowda@gmail.com
2024-10-07 22:46:47 ERROR - Attempt to register with an existing mobile number: 9457789922
2024-10-07 22:55:34 ERROR - Attempt to register with an existing email: sushmithagok@gmail.com
2024-10-08 23:16:16 ERROR - Attempt to register with an existing email: sarathcmurali2000@gmail.com
2024-10-09 00:23:28 ERROR - Attempt to register with an existing mobile number: 9090987699
2024-10-09 16:10:54 ERROR - Attempt to register with an existing mobile number: 9123454321
2024-10-09 19:51:03 ERROR - Attempt to register with an existing email: kiran@gmail.com
2024-10-10 18:57:59 ERROR - Attempt to register with an existing email: testuser@gmail.com
2024-10-10 19:01:24 ERROR - Attempt to register with an existing email: testuser@gmail.com
2024-10-10 19:03:41 ERROR - Attempt to register with an existing email: testuser@gmail.com
2024-10-10 19:03:43 ERROR - Attempt to register with an existing email: testuser@gmail.com
2024-10-10 22:24:57 ERROR - Attempt to register with an existing email: testuser@gmail.com
2024-10-11 11:02:47 ERROR - Attempt to register with an existing email: testuser@gmail.com
2024-10-17 14:02:14 ERROR - Attempt to register with an existing email: sushmithasuresham@gmail.com
2024-10-17 14:04:53 ERROR - Attempt to register with an existing email: sushmithasuresham@gmail.com
2024-10-17 14:10:24 ERROR - Attempt to register with an existing mobile number: 9211622121
2024-10-18 10:20:27 ERROR - Attempt to register with an existing email: testuser@gmail.com
2024-10-18 10:23:15 ERROR - Attempt to register with an existing email: testuser@gmail.com
2024-10-18 10:25:27 ERROR - Attempt to register with an existing email: testuser@gmail.com
2024-10-18 10:28:44 ERROR - Attempt to register with an existing email: testuser@gmail.com
2024-10-18 10:29:35 ERROR - Attempt to register with an existing email: testuser@gmail.com
2024-10-21 15:47:00 ERROR - Attempt to register with an existing email: testuser@gmail.com
2024-10-21 15:48:48 ERROR - Attempt to register with an existing email: testuser@gmail.com
2024-10-21 21:36:25 ERROR - Attempt to register with an existing email: testuser@gmail.com
2024-10-21 23:02:58 ERROR - Attempt to register with an existing mobile number: 9961673466
2024-10-22 11:53:13 ERROR - Attempt to register with an existing email: athiramv@gmail.com
2024-10-22 11:53:18 ERROR - Attempt to register with an existing email: athiramv@gmail.com
2024-10-22 11:53:18 ERROR - Attempt to register with an existing email: athiramv@gmail.com
2024-10-22 11:53:19 ERROR - Attempt to register with an existing email: athiramv@gmail.com
2024-10-22 11:53:20 ERROR - Attempt to register with an existing email: athiramv@gmail.com
2024-10-22 11:53:25 ERROR - Attempt to register with an existing email: athiramv@gmail.com
2024-10-22 11:53:31 ERROR - Attempt to register with an existing email: athiramv@gmail.com
2024-10-22 11:53:32 ERROR - Attempt to register with an existing email: athiramv@gmail.com
2024-10-22 11:56:56 ERROR - Attempt to register with an existing email: athiramv@gmail.com
2024-10-22 12:08:24 ERROR - Attempt to register with an existing email: athiramv@gmail.com
2024-10-22 12:08:24 ERROR - Attempt to register with an existing email: athiramv@gmail.com
2024-10-22 12:08:24 ERROR - Attempt to register with an existing email: athiramv@gmail.com
2024-10-22 12:08:24 ERROR - Attempt to register with an existing email: athiramv@gmail.com
2024-10-22 12:08:25 ERROR - Attempt to register with an existing email: athiramv@gmail.com
2024-10-22 12:08:25 ERROR - Attempt to register with an existing email: athiramv@gmail.com
2024-10-22 12:08:25 ERROR - Attempt to register with an existing email: athiramv@gmail.com
2024-10-22 12:08:25 ERROR - Attempt to register with an existing email: athiramv@gmail.com
2024-10-22 12:08:25 ERROR - Attempt to register with an existing email: athiramv@gmail.com
2024-10-22 12:08:26 ERROR - Attempt to register with an existing email: athiramv@gmail.com
2024-10-22 12:16:55 ERROR - Attempt to register with an existing email: athiramv@gmail.com
2024-10-22 12:16:55 ERROR - Attempt to register with an existing email: athiramv@gmail.com
2024-10-22 12:16:56 ERROR - Attempt to register with an existing email: athiramv@gmail.com
2024-10-22 12:16:56 ERROR - Attempt to register with an existing email: athiramv@gmail.com
2024-10-22 12:16:56 ERROR - Attempt to register with an existing email: athiramv@gmail.com
2024-10-22 12:16:56 ERROR - Attempt to register with an existing email: athiramv@gmail.com
2024-10-22 12:16:56 ERROR - Attempt to register with an existing email: athiramv@gmail.com
2024-10-22 12:16:57 ERROR - Attempt to register with an existing email: athiramv@gmail.com
2024-10-22 12:16:57 ERROR - Attempt to register with an existing email: athiramv@gmail.com
2024-10-22 12:16:57 ERROR - Attempt to register with an existing email: athiramv@gmail.com
2024-10-22 12:17:26 ERROR - Attempt to register with an existing email: athiramv@gmail.com
2024-10-22 12:17:27 ERROR - Attempt to register with an existing email: athiramv@gmail.com
2024-10-22 12:17:27 ERROR - Attempt to register with an existing email: athiramv@gmail.com
2024-10-22 12:17:27 ERROR - Attempt to register with an existing email: athiramv@gmail.com
2024-10-22 12:17:27 ERROR - Attempt to register with an existing email: athiramv@gmail.com
2024-10-22 12:17:27 ERROR - Attempt to register with an existing email: athiramv@gmail.com
2024-10-22 12:17:27 ERROR - Attempt to register with an existing email: athiramv@gmail.com
2024-10-22 12:17:28 ERROR - Attempt to register with an existing email: athiramv@gmail.com
2024-10-22 12:17:28 ERROR - Attempt to register with an existing email: athiramv@gmail.com
2024-10-22 12:17:28 ERROR - Attempt to register with an existing email: athiramv@gmail.com
2024-10-22 12:17:31 ERROR - Attempt to register with an existing email: athiramv@gmail.com
2024-10-22 12:17:31 ERROR - Attempt to register with an existing email: athiramv@gmail.com
2024-10-22 12:17:31 ERROR - Attempt to register with an existing email: athiramv@gmail.com
2024-10-22 12:17:31 ERROR - Attempt to register with an existing email: athiramv@gmail.com
2024-10-22 12:17:32 ERROR - Attempt to register with an existing email: athiramv@gmail.com
2024-10-22 12:17:32 ERROR - Attempt to register with an existing email: athiramv@gmail.com
2024-10-22 12:17:32 ERROR - Attempt to register with an existing email: athiramv@gmail.com
2024-10-22 12:17:32 ERROR - Attempt to register with an existing email: athiramv@gmail.com
2024-10-22 12:17:32 ERROR - Attempt to register with an existing email: athiramv@gmail.com
2024-10-22 12:17:33 ERROR - Attempt to register with an existing email: athiramv@gmail.com
2024-10-22 12:18:07 ERROR - Attempt to register with an existing email: athiramv@gmail.com
2024-10-22 12:18:07 ERROR - Attempt to register with an existing email: athiramv@gmail.com
2024-10-22 12:18:07 ERROR - Attempt to register with an existing email: athiramv@gmail.com
2024-10-22 12:18:08 ERROR - Attempt to register with an existing email: athiramv@gmail.com
2024-10-22 12:18:08 ERROR - Attempt to register with an existing email: athiramv@gmail.com
2024-10-22 12:18:08 ERROR - Attempt to register with an existing email: athiramv@gmail.com
2024-10-22 12:18:08 ERROR - Attempt to register with an existing email: athiramv@gmail.com
2024-10-22 12:18:08 ERROR - Attempt to register with an existing email: athiramv@gmail.com
2024-10-22 12:18:09 ERROR - Attempt to register with an existing email: athiramv@gmail.com
2024-10-22 12:18:09 ERROR - Attempt to register with an existing email: athiramv@gmail.com
2024-10-22 12:21:18 ERROR - Attempt to register with an existing email: athiramv@gmail.com
2024-10-22 12:21:18 ERROR - Attempt to register with an existing email: athiramv@gmail.com
2024-10-22 12:21:18 ERROR - Attempt to register with an existing email: athiramv@gmail.com
2024-10-22 12:21:19 ERROR - Attempt to register with an existing email: athiramv@gmail.com
2024-10-22 12:21:19 ERROR - Attempt to register with an existing email: athiramv@gmail.com
2024-10-22 12:21:19 ERROR - Attempt to register with an existing email: athiramv@gmail.com
2024-10-22 12:21:19 ERROR - Attempt to register with an existing email: athiramv@gmail.com
2024-10-22 12:21:19 ERROR - Attempt to register with an existing email: athiramv@gmail.com
2024-10-22 12:21:20 ERROR - Attempt to register with an existing email: athiramv@gmail.com
2024-10-22 12:21:20 ERROR - Attempt to register with an existing email: athiramv@gmail.com
2024-10-22 12:21:24 ERROR - Attempt to register with an existing email: athiramv@gmail.com
2024-10-22 12:21:24 ERROR - Attempt to register with an existing email: athiramv@gmail.com
2024-10-22 12:21:24 ERROR - Attempt to register with an existing email: athiramv@gmail.com
2024-10-22 12:21:25 ERROR - Attempt to register with an existing email: athiramv@gmail.com
2024-10-22 12:21:25 ERROR - Attempt to register with an existing email: athiramv@gmail.com
2024-10-22 12:21:25 ERROR - Attempt to register with an existing email: athiramv@gmail.com
2024-10-22 12:21:25 ERROR - Attempt to register with an existing email: athiramv@gmail.com
2024-10-22 12:21:25 ERROR - Attempt to register with an existing email: athiramv@gmail.com
2024-10-22 12:21:26 ERROR - Attempt to register with an existing email: athiramv@gmail.com
2024-10-22 12:21:26 ERROR - Attempt to register with an existing email: athiramv@gmail.com
2024-10-22 12:23:45 ERROR - Attempt to register with an existing email: athiramv@gmail.com
2024-10-22 12:23:45 ERROR - Attempt to register with an existing email: athiramv@gmail.com
2024-10-22 12:23:45 ERROR - Attempt to register with an existing email: athiramv@gmail.com
2024-10-22 12:23:45 ERROR - Attempt to register with an existing email: athiramv@gmail.com
2024-10-22 12:23:45 ERROR - Attempt to register with an existing email: athiramv@gmail.com
2024-10-22 12:23:46 ERROR - Attempt to register with an existing email: athiramv@gmail.com
2024-10-22 12:23:46 ERROR - Attempt to register with an existing email: athiramv@gmail.com
2024-10-22 12:23:46 ERROR - Attempt to register with an existing email: athiramv@gmail.com
2024-10-22 12:23:46 ERROR - Attempt to register with an existing email: athiramv@gmail.com
2024-10-22 12:23:46 ERROR - Attempt to register with an existing email: athiramv@gmail.com
2024-10-23 19:30:47 ERROR - Attempt to register with an existing email: testuser@gmail.com
2024-10-23 19:41:00 ERROR - Attempt to register with an existing email: testuser@gmail.com
